<?xml version="1.0" encoding="UTF-8"?>
<testsuite xmlns:xsi="http://www.w3.org/2001/XMLSchema-instance" xsi:noNamespaceSchemaLocation="https://maven.apache.org/surefire/maven-surefire-plugin/xsd/surefire-test-report.xsd" name="com.sakthi.resteasy.AppTest" time="0.021" tests="1" errors="0" skipped="0" failures="0">
  <properties>
    <property name="java.vm.info" value="mixed mode"/>
    <property name="file.encoding.pkg" value="sun.io"/>
    <property name="file.encoding" value="UTF-8"/>
    <property name="java.specification.name" value="Java Platform API Specification"/>
    <property name="sun.os.patch.level" value="unknown"/>
    <property name="user.dir" value="/home/sakthivel/DATA/sandbox/resteasy"/>
    <property name="line.separator" value="&#10;"/>
    <property name="java.home" value="/usr/local/java/jdk1.7.0_75/jre"/>
    <property name="user.name" value="sakthivel"/>
    <property name="sun.boot.library.path" value="/usr/local/java/jdk1.7.0_75/jre/lib/amd64"/>
    <property name="user.home" value="/home/sakthivel"/>
    <property name="localRepository" value="/home/sakthivel/.m2/repository"/>
    <property name="sun.java.launcher" value="SUN_STANDARD"/>
    <property name="java.class.version" value="51.0"/>
    <property name="user.language" value="en"/>
    <property name="java.vendor.url.bug" value="http://bugreport.sun.com/bugreport/"/>
    <property name="sun.jnu.encoding" value="UTF-8"/>
    <property name="java.io.tmpdir" value="/tmp"/>
    <property name="java.specification.vendor" value="Oracle Corporation"/>
    <property name="file.separator" value="/"/>
    <property name="java.class.path" value="/home/sakthivel/DATA/sandbox/resteasy/target/test-classes:/home/sakthivel/DATA/sandbox/resteasy/target/classes:/home/sakthivel/.m2/repository/org/jboss/resteasy/resteasy-jaxrs/3.0.14.Final/resteasy-jaxrs-3.0.14.Final.jar:/home/sakthivel/.m2/repository/org/jboss/spec/javax/ws/rs/jboss-jaxrs-api_2.0_spec/1.0.0.Final/jboss-jaxrs-api_2.0_spec-1.0.0.Final.jar:/home/sakthivel/.m2/repository/org/jboss/spec/javax/annotation/jboss-annotations-api_1.2_spec/1.0.0.Final/jboss-annotations-api_1.2_spec-1.0.0.Final.jar:/home/sakthivel/.m2/repository/javax/activation/activation/1.1.1/activation-1.1.1.jar:/home/sakthivel/.m2/repository/org/apache/httpcomponents/httpclient/4.3.6/httpclient-4.3.6.jar:/home/sakthivel/.m2/repository/org/apache/httpcomponents/httpcore/4.3.3/httpcore-4.3.3.jar:/home/sakthivel/.m2/repository/commons-logging/commons-logging/1.1.3/commons-logging-1.1.3.jar:/home/sakthivel/.m2/repository/commons-codec/commons-codec/1.6/commons-codec-1.6.jar:/home/sakthivel/.m2/repository/commons-io/commons-io/2.1/commons-io-2.1.jar:/home/sakthivel/.m2/repository/net/jcip/jcip-annotations/1.0/jcip-annotations-1.0.jar:/home/sakthivel/.m2/repository/org/jboss/logging/jboss-logging/3.1.4.GA/jboss-logging-3.1.4.GA.jar:/home/sakthivel/.m2/repository/junit/junit/4.11/junit-4.11.jar:/home/sakthivel/.m2/repository/org/hamcrest/hamcrest-core/1.3/hamcrest-core-1.3.jar:"/>
    <property name="java.vm.vendor" value="Oracle Corporation"/>
    <property name="sun.cpu.endian" value="little"/>
    <property name="java.vm.specification.vendor" value="Oracle Corporation"/>
    <property name="java.specification.version" value="1.7"/>
    <property name="awt.toolkit" value="sun.awt.X11.XToolkit"/>
    <property name="sun.java.command" value="/home/sakthivel/DATA/sandbox/resteasy/target/surefire/surefirebooter8574332152965051958.jar /home/sakthivel/DATA/sandbox/resteasy/target/surefire 2018-04-20T15-35-24_005-jvmRun1 surefire8655391928417124930tmp surefire_05809899490690249817tmp"/>
    <property name="user.timezone" value=""/>
    <property name="surefire.test.class.path" value="/home/sakthivel/DATA/sandbox/resteasy/target/test-classes:/home/sakthivel/DATA/sandbox/resteasy/target/classes:/home/sakthivel/.m2/repository/org/jboss/resteasy/resteasy-jaxrs/3.0.14.Final/resteasy-jaxrs-3.0.14.Final.jar:/home/sakthivel/.m2/repository/org/jboss/spec/javax/ws/rs/jboss-jaxrs-api_2.0_spec/1.0.0.Final/jboss-jaxrs-api_2.0_spec-1.0.0.Final.jar:/home/sakthivel/.m2/repository/org/jboss/spec/javax/annotation/jboss-annotations-api_1.2_spec/1.0.0.Final/jboss-annotations-api_1.2_spec-1.0.0.Final.jar:/home/sakthivel/.m2/repository/javax/activation/activation/1.1.1/activation-1.1.1.jar:/home/sakthivel/.m2/repository/org/apache/httpcomponents/httpclient/4.3.6/httpclient-4.3.6.jar:/home/sakthivel/.m2/repository/org/apache/httpcomponents/httpcore/4.3.3/httpcore-4.3.3.jar:/home/sakthivel/.m2/repository/commons-logging/commons-logging/1.1.3/commons-logging-1.1.3.jar:/home/sakthivel/.m2/repository/commons-codec/commons-codec/1.6/commons-codec-1.6.jar:/home/sakthivel/.m2/repository/commons-io/commons-io/2.1/commons-io-2.1.jar:/home/sakthivel/.m2/repository/net/jcip/jcip-annotations/1.0/jcip-annotations-1.0.jar:/home/sakthivel/.m2/repository/org/jboss/logging/jboss-logging/3.1.4.GA/jboss-logging-3.1.4.GA.jar:/home/sakthivel/.m2/repository/junit/junit/4.11/junit-4.11.jar:/home/sakthivel/.m2/repository/org/hamcrest/hamcrest-core/1.3/hamcrest-core-1.3.jar:"/>
    <property name="java.runtime.version" value="1.7.0_75-b13"/>
    <property name="java.vendor" value="Oracle Corporation"/>
    <property name="sun.management.compiler" value="HotSpot 64-Bit Tiered Compilers"/>
    <property name="sun.arch.data.model" value="64"/>
    <property name="os.arch" value="amd64"/>
    <property name="sun.io.unicode.encoding" value="UnicodeLittle"/>
    <property name="java.awt.printerjob" value="sun.print.PSPrinterJob"/>
    <property name="path.separator" value=":"/>
    <property name="java.runtime.name" value="Java(TM) SE Runtime Environment"/>
    <property name="java.vendor.url" value="http://java.oracle.com/"/>
    <property name="sun.boot.class.path" value="/usr/local/java/jdk1.7.0_75/jre/lib/resources.jar:/usr/local/java/jdk1.7.0_75/jre/lib/rt.jar:/usr/local/java/jdk1.7.0_75/jre/lib/sunrsasign.jar:/usr/local/java/jdk1.7.0_75/jre/lib/jsse.jar:/usr/local/java/jdk1.7.0_75/jre/lib/jce.jar:/usr/local/java/jdk1.7.0_75/jre/lib/charsets.jar:/usr/local/java/jdk1.7.0_75/jre/lib/jfr.jar:/usr/local/java/jdk1.7.0_75/jre/classes"/>
    <property name="surefire.real.class.path" value="/home/sakthivel/DATA/sandbox/resteasy/target/surefire/surefirebooter8574332152965051958.jar"/>
    <property name="java.endorsed.dirs" value="/usr/local/java/jdk1.7.0_75/jre/lib/endorsed"/>
    <property name="java.vm.version" value="24.75-b04"/>
    <property name="os.name" value="Linux"/>
    <property name="java.vm.specification.version" value="1.7"/>
    <property name="sun.cpu.isalist" value=""/>
    <property name="java.version" value="1.7.0_75"/>
    <property name="java.vm.specification.name" value="Java Virtual Machine Specification"/>
    <property name="java.ext.dirs" value="/usr/local/java/jdk1.7.0_75/jre/lib/ext:/usr/java/packages/lib/ext"/>
    <property name="os.version" value="3.10.0-693.21.1.el7.x86_64"/>
    <property name="basedir" value="/home/sakthivel/DATA/sandbox/resteasy"/>
    <property name="java.library.path" value="/usr/java/packages/lib/amd64:/usr/lib64:/lib64:/lib:/usr/lib"/>
    <property name="java.awt.graphicsenv" value="sun.awt.X11GraphicsEnvironment"/>
    <property name="java.vm.name" value="Java HotSpot(TM) 64-Bit Server VM"/>
    <property name="user.country" value="US"/>
  </properties>
  <testcase name="shouldAnswerWithTrue" classname="com.sakthi.resteasy.AppTest" time="0.001"/>
</testsuite>